[2023-05-01T23:59:24.534+0000] {taskinstance.py:1125} INFO - Dependencies all met for dep_context=non-requeueable deps ti=<TaskInstance: rt_dag.preprocess_task manual__2023-05-01T17:54:50.457363+00:00 [queued]>
[2023-05-01T23:59:24.545+0000] {taskinstance.py:1125} INFO - Dependencies all met for dep_context=requeueable deps ti=<TaskInstance: rt_dag.preprocess_task manual__2023-05-01T17:54:50.457363+00:00 [queued]>
[2023-05-01T23:59:24.545+0000] {taskinstance.py:1331} INFO - Starting attempt 15 of 15
[2023-05-01T23:59:24.561+0000] {taskinstance.py:1350} INFO - Executing <Task(PythonOperator): preprocess_task> on 2023-05-01 17:54:50.457363+00:00
[2023-05-01T23:59:24.566+0000] {standard_task_runner.py:57} INFO - Started process 82 to run task
[2023-05-01T23:59:24.570+0000] {standard_task_runner.py:84} INFO - Running: ['***', 'tasks', 'run', 'rt_dag', 'preprocess_task', 'manual__2023-05-01T17:54:50.457363+00:00', '--job-id', '85', '--raw', '--subdir', 'DAGS_FOLDER/my_dag.py', '--cfg-path', '/tmp/tmp9190myqx']
[2023-05-01T23:59:24.571+0000] {standard_task_runner.py:85} INFO - Job 85: Subtask preprocess_task
[2023-05-01T23:59:24.615+0000] {task_command.py:410} INFO - Running <TaskInstance: rt_dag.preprocess_task manual__2023-05-01T17:54:50.457363+00:00 [running]> on host 66af85ab14f2
[2023-05-01T23:59:24.694+0000] {taskinstance.py:1570} INFO - Exporting env vars: AIRFLOW_CTX_DAG_OWNER='***' AIRFLOW_CTX_DAG_ID='rt_dag' AIRFLOW_CTX_TASK_ID='preprocess_task' AIRFLOW_CTX_EXECUTION_DATE='2023-05-01T17:54:50.457363+00:00' AIRFLOW_CTX_TRY_NUMBER='15' AIRFLOW_CTX_DAG_RUN_ID='manual__2023-05-01T17:54:50.457363+00:00'
[2023-05-01T23:59:24.735+0000] {logging_mixin.py:149} INFO - Symbols Dataframe
[2023-05-01T23:59:25.663+0000] {logging_mixin.py:149} INFO - 180164
[2023-05-01T23:59:25.664+0000] {logging_mixin.py:149} INFO - calculating number of rows
[2023-05-01T23:59:25.703+0000] {logging_mixin.py:149} INFO - creating dummy df
[2023-05-01T23:59:26.225+0000] {logging_mixin.py:149} INFO - appending rows to df
[2023-05-01T23:59:26.257+0000] {logging_mixin.py:149} INFO - merging df and symbols
[2023-05-01T23:59:26.457+0000] {logging_mixin.py:149} INFO - Converting to parquet, assigning datatypes
[2023-05-01T23:59:26.642+0000] {python.py:183} INFO - Done. Returned value was: None
[2023-05-01T23:59:26.651+0000] {taskinstance.py:1373} INFO - Marking task as SUCCESS. dag_id=rt_dag, task_id=preprocess_task, execution_date=20230501T175450, start_date=20230501T235924, end_date=20230501T235926
[2023-05-01T23:59:26.672+0000] {local_task_job_runner.py:232} INFO - Task exited with return code 0
[2023-05-01T23:59:26.701+0000] {taskinstance.py:2674} INFO - 1 downstream tasks scheduled from follow-on schedule check
