[2023-05-02T00:01:12.952+0000] {taskinstance.py:1125} INFO - Dependencies all met for dep_context=non-requeueable deps ti=<TaskInstance: rt_dag.model_training_task manual__2023-05-01T17:54:50.457363+00:00 [queued]>
[2023-05-02T00:01:12.969+0000] {taskinstance.py:1125} INFO - Dependencies all met for dep_context=requeueable deps ti=<TaskInstance: rt_dag.model_training_task manual__2023-05-01T17:54:50.457363+00:00 [queued]>
[2023-05-02T00:01:12.969+0000] {taskinstance.py:1331} INFO - Starting attempt 18 of 18
[2023-05-02T00:01:13.005+0000] {taskinstance.py:1350} INFO - Executing <Task(PythonOperator): model_training_task> on 2023-05-01 17:54:50.457363+00:00
[2023-05-02T00:01:13.031+0000] {standard_task_runner.py:57} INFO - Started process 268 to run task
[2023-05-02T00:01:13.056+0000] {standard_task_runner.py:84} INFO - Running: ['***', 'tasks', 'run', 'rt_dag', 'model_training_task', 'manual__2023-05-01T17:54:50.457363+00:00', '--job-id', '91', '--raw', '--subdir', 'DAGS_FOLDER/my_dag.py', '--cfg-path', '/tmp/tmp9hcotu3w']
[2023-05-02T00:01:13.071+0000] {standard_task_runner.py:85} INFO - Job 91: Subtask model_training_task
[2023-05-02T00:01:13.154+0000] {task_command.py:410} INFO - Running <TaskInstance: rt_dag.model_training_task manual__2023-05-01T17:54:50.457363+00:00 [running]> on host 66af85ab14f2
[2023-05-02T00:01:13.338+0000] {taskinstance.py:1570} INFO - Exporting env vars: AIRFLOW_CTX_DAG_OWNER='***' AIRFLOW_CTX_DAG_ID='rt_dag' AIRFLOW_CTX_TASK_ID='model_training_task' AIRFLOW_CTX_EXECUTION_DATE='2023-05-01T17:54:50.457363+00:00' AIRFLOW_CTX_TRY_NUMBER='18' AIRFLOW_CTX_DAG_RUN_ID='manual__2023-05-01T17:54:50.457363+00:00'
[2023-05-02T00:01:15.537+0000] {logging_mixin.py:149} INFO - Accessing the feature engineered columns from the parquet file
[2023-05-02T00:01:16.778+0000] {logging_mixin.py:149} INFO - Using 'vol_moving_avg', 'adj_close_rolling_med' features to predict the target 'Volume'
[2023-05-02T00:01:22.849+0000] {logging_mixin.py:149} INFO - model definition
[2023-05-02T00:01:56.850+0000] {logging_mixin.py:149} INFO - model_training
[2023-05-02T00:01:59.435+0000] {logging_mixin.py:149} INFO - make predictions
[2023-05-02T00:01:59.574+0000] {logging_mixin.py:149} INFO - mae: 487631.34079468314, mse: 97366299429301.92, rmse: 9867436.314935198
[2023-05-02T00:01:59.574+0000] {logging_mixin.py:149} INFO - calculate and store errors
[2023-05-02T00:01:59.609+0000] {logging_mixin.py:149} INFO - saving the model in a pickle file
[2023-05-02T00:01:59.650+0000] {python.py:183} INFO - Done. Returned value was: None
[2023-05-02T00:01:59.715+0000] {taskinstance.py:1373} INFO - Marking task as SUCCESS. dag_id=rt_dag, task_id=model_training_task, execution_date=20230501T175450, start_date=20230502T000112, end_date=20230502T000159
[2023-05-02T00:01:59.842+0000] {local_task_job_runner.py:232} INFO - Task exited with return code 0
[2023-05-02T00:01:59.909+0000] {taskinstance.py:2674} INFO - 0 downstream tasks scheduled from follow-on schedule check
